<?xml version="1.0" encoding="UTF-8"?>
<!-- Generated by org.testng.reporters.JUnitReportReporter -->
<testsuite hostname="Christians-MacBook-Pro-2.local" name="swk.PhoneNumbersTest" tests="4" failures="0" timestamp="17 Oct 2013 20:28:20 GMT" time="0,001" errors="0">
  <testcase name="testAddTwoValidNumbersIsValid" time="0,000" classname="swk.PhoneNumbersTest"/>
  <testcase name="testAddSingleNumberIsValid" time="0,001" classname="swk.PhoneNumbersTest"/>
  <testcase name="testAddThreeInvalidNumbersInOtherOrderIsInvalid" time="0,000" classname="swk.PhoneNumbersTest"/>
  <testcase name="testAddThreeInvalidNumbersIsInvalid" time="0,000" classname="swk.PhoneNumbersTest"/>
</testsuite>
